[    5918ms] [WARNING] i18n edit-live is disabled. Please
Way 1: append query string `?i18n-edit-live=true` in url.
Way 2: call `localStorage.setItem('i18n-edit-live', 'true')`, and then reload browser @ https://okr.baidu-int.com/pages/weekly/dist/weekly.bundle.a238815a.js:0
[    6143ms] [LOG] ================ NOTE ================== @ https://okr.baidu-int.com/pages/weekly/dist/commons.chunk.a0b56251.js:0
[    6143ms] [LOG] [洞听] 执行兼容 qiankun & microapp 的逻辑补丁 @ https://okr.baidu-int.com/pages/weekly/dist/commons.chunk.a0b56251.js:0
[    6143ms] [LOG] ======================================== @ https://okr.baidu-int.com/pages/weekly/dist/commons.chunk.a0b56251.js:0
[    6388ms] [LOG] OKR Hia~ @ https://okr.baidu-int.com/pages/weekly/dist/17.chunk.dd65a35b.js:0
[    6472ms] [WARNING] This is not supported in browser version of superagent @ https://okr.baidu-int.com/pages/weekly/dll/vendor.51625c00.bundle.js:43
[    6473ms] [WARNING] This is not supported in browser version of superagent @ https://okr.baidu-int.com/pages/weekly/dll/vendor.51625c00.bundle.js:43
[    7496ms] [WARNING] i18n edit-live is disabled. Please
Way 1: append query string `?i18n-edit-live=true` in url.
Way 2: call `localStorage.setItem('i18n-edit-live', 'true')`, and then reload browser @ https://okr.baidu-int.com/pages/weekly/dist/weekly.bundle.a238815a.js:0
[    7618ms] [LOG] ================ NOTE ================== @ https://okr.baidu-int.com/pages/weekly/dist/commons.chunk.a0b56251.js:0
[    7618ms] [LOG] [洞听] 执行兼容 qiankun & microapp 的逻辑补丁 @ https://okr.baidu-int.com/pages/weekly/dist/commons.chunk.a0b56251.js:0
[    7618ms] [LOG] ======================================== @ https://okr.baidu-int.com/pages/weekly/dist/commons.chunk.a0b56251.js:0
[    7737ms] [LOG] OKR Hia~ @ https://okr.baidu-int.com/pages/weekly/dist/17.chunk.dd65a35b.js:0
[    7739ms] [WARNING] This is not supported in browser version of superagent @ https://okr.baidu-int.com/pages/weekly/dll/vendor.51625c00.bundle.js:43
[    7740ms] [WARNING] This is not supported in browser version of superagent @ https://okr.baidu-int.com/pages/weekly/dll/vendor.51625c00.bundle.js:43
[    9453ms] [INFO] [TEAM][BOOTSTRAP] 加载成功 https://dongting.baidu-int.com/sdk-v2/dongting-sdk-v2.js @ https://okr.baidu-int.com/pages/weekly/dist/commons.chunk.a0b56251.js:0
[    9645ms] [WARNING] [辅助区] event bind dongting:recommendation-new-arrival {time: 1776841149729} @ https://okr.baidu-int.com/pages/weekly/dist/commons.chunk.a0b56251.js:0
[    9645ms] [WARNING] [辅助区] event bind dongting:recommendation-new-open-framework {time: 1776841149730} @ https://okr.baidu-int.com/pages/weekly/dist/commons.chunk.a0b56251.js:0
[    9645ms] [WARNING] [辅助区] event bind dongting:recommendation-clear-all {time: 1776841149730} @ https://okr.baidu-int.com/pages/weekly/dist/commons.chunk.a0b56251.js:0
[    9646ms] [WARNING] [辅助区] event bind dongting:status-change {time: 1776841149730} @ https://okr.baidu-int.com/pages/weekly/dist/commons.chunk.a0b56251.js:0
[    9646ms] [WARNING] [辅助区] event bind inner:topicon-on-bottom-changed {time: 1776841149731} @ https://dongting.baidu-int.com/sdk-v2/dongting-sdk-v2.js:0
[    9646ms] [WARNING] [辅助区] event bind dongting:ui-v2-after-show {time: 1776841149731} @ https://okr.baidu-int.com/pages/weekly/dist/commons.chunk.a0b56251.js:0
[    9646ms] [WARNING] [辅助区] event bind dongting:ui-v2-after-hide {time: 1776841149731} @ https://okr.baidu-int.com/pages/weekly/dist/commons.chunk.a0b56251.js:0
[    9648ms] [WARNING] [辅助区] event bind dongting:ugate-token-renewed {time: 1776841149732} @ https://dongting.baidu-int.com/sdk-v2/dongting-sdk-v2.js:0
[    9648ms] [WARNING] [辅助区] event bind dongting:ui-single-instruction-availabled {time: 1776841149733} @ https://okr.baidu-int.com/pages/weekly/dist/commons.chunk.a0b56251.js:0
[    9648ms] [WARNING] [辅助区] event bind dongting:ui-single-instruction-trigger-popover {time: 1776841149733} @ https://okr.baidu-int.com/pages/weekly/dist/commons.chunk.a0b56251.js:0
[    9648ms] [WARNING] [辅助区] event bind dongting:ui-single-instruction-before-show {time: 1776841149733} @ https://okr.baidu-int.com/pages/weekly/dist/commons.chunk.a0b56251.js:0
[    9648ms] [WARNING] [辅助区] event bind dongting:ui-single-instruction-before-hide {time: 1776841149733} @ https://okr.baidu-int.com/pages/weekly/dist/commons.chunk.a0b56251.js:0
[    9648ms] [WARNING] [辅助区] event bind dongting:ui-single-instruction-mount {time: 1776841149733} @ https://okr.baidu-int.com/pages/weekly/dist/commons.chunk.a0b56251.js:0
[    9648ms] [WARNING] [辅助区] event bind dongting:ui-v2-before-show {time: 1776841149733} @ https://okr.baidu-int.com/pages/weekly/dist/commons.chunk.a0b56251.js:0
[    9649ms] [WARNING] [辅助区] event bind dongting:survey-before-show {time: 1776841149733} @ https://okr.baidu-int.com/pages/weekly/dist/commons.chunk.a0b56251.js:0
[    9649ms] [WARNING] [辅助区] event bind dongting:sdk-icon-before-show {time: 1776841149733} @ https://okr.baidu-int.com/pages/weekly/dist/commons.chunk.a0b56251.js:0
[    9649ms] [WARNING] [辅助区] event bind dongting:all-before-hide {time: 1776841149733} @ https://okr.baidu-int.com/pages/weekly/dist/commons.chunk.a0b56251.js:0
[    9649ms] [WARNING] [辅助区] event bind dongting:sdk-ui-theme-change {time: 1776841149733} @ https://okr.baidu-int.com/pages/weekly/dist/commons.chunk.a0b56251.js:0
[    9649ms] [WARNING] [辅助区] event bind dongting:sdk-icon-module-disable {time: 1776841149733} @ https://okr.baidu-int.com/pages/weekly/dist/commons.chunk.a0b56251.js:0
[    9649ms] [WARNING] [辅助区] event bind dongting:sdk-icon-module-enable {time: 1776841149733} @ https://okr.baidu-int.com/pages/weekly/dist/commons.chunk.a0b56251.js:0
[    9649ms] [LOG] [*** OKR LOG ***]:  --- 初始化 dongting sdk 成功 --- @ https://okr.baidu-int.com/pages/weekly/dist/weekly.bundle.a238815a.js:0
[    9652ms] [WARNING] [辅助区] xhr {"url":"https://okr.baidu-int.com/pages/weekly.html#/index?id=undefined&date=undefined"} {time: 1776841149736} @ https://dongting.baidu-int.com/sdk-v2/dongting-sdk-v2.js:0
[    9652ms] [WARNING] [辅助区] xhr {"url":"https://okr.baidu-int.com/pages/weekly.html#/index?id=undefined&date=undefined"} {time: 1776841149737} @ https://dongting.baidu-int.com/sdk-v2/dongting-sdk-v2.js:0
[   11333ms] [INFO] Download the Vue Devtools extension for a better development experience:
https://github.com/vuejs/vue-devtools @ https://dongting.cdn.bcebos.com/dongting-front/prod/dongting.min.js?t=1776841150594:1
[   11333ms] [INFO] You are running Vue in development mode.
Make sure to turn on production mode when deploying for production.
See more tips at https://vuejs.org/guide/deployment.html @ https://dongting.cdn.bcebos.com/dongting-front/prod/dongting.min.js?t=1776841150594:1
[   11735ms] [LOG] {__ob__: t} @ https://dongting.cdn.bcebos.com/dongting-front/prod/20260206185746/script/main.0a180f9d.min.js:0
[   13310ms] [WARNING] Use `shouldComponentUpdate` in an `observer` based component breaks the behavior of `observer` and might lead to unexpected results. Manually implementing `sCU` should not be needed when using mobx-react. @ https://okr.baidu-int.com/pages/weekly/dll/vendor.51625c00.bundle.js:65
[   13539ms] [WARNING] [morpho] duplicated identifier name morpho-context-menu. @ https://okr.baidu-int.com/pages/weekly/dist/morpho.chunk.bc1c1491.js:7
[   13540ms] [WARNING] [morpho] duplicated identifier name drag-menu. @ https://okr.baidu-int.com/pages/weekly/dist/morpho.chunk.bc1c1491.js:7
[   13541ms] [WARNING] [morpho] duplicated identifier name static. @ https://okr.baidu-int.com/pages/weekly/dist/morpho.chunk.bc1c1491.js:7
[   14046ms] [WARNING] [mobx.array] Attempt to read an array index (4) that is out of bounds (4). Please check length first. Out of bound indices will not be tracked by MobX @ https://okr.baidu-int.com/pages/weekly/dll/vendor.51625c00.bundle.js:14
[   18587ms] [WARNING] [hiSdk-Bridge]WARNING:  超过过期时间, bridge判断当前为非hi-webview环境，采用 web-dev模式 @ https://okr.baidu-int.com/pages/weekly/dist/index-page.chunk.0899d533.js:0
[   18588ms] [LOG] [hiSdk-Bridge]LOG:  --- onBdHiJsReady exec --- @ https://okr.baidu-int.com/pages/weekly/dist/index-page.chunk.0899d533.js:0
[   18588ms] [WARNING] onBdHiJsReady已被注册 @ https://work.infoflow.baidu.com/workflow/api/engine-pre/js-rcv/uflow.js?sceneId=be&token=eyJ0eXAiOiJKV1QiLCJhbGciOiJIUzI1NiJ9.eyJzVG9rZW4iOiJTVC0xMjUzNzI1OTA4OTA4OTA4NTQ1LURtazNjaFRlMW9peDVGekt6U0hOLXNlc3Npb24iLCJmcm9tQXBwS2V5IjoidXVhcGNsaWVudC0zLU5sQVNLZTdCVUI5Mm1ZRml5RHpNIiwiaXNzIjoidXVhcCIsInBUb2tlbiI6IlBULTEyNTM3MjU5MDg5MDg5MTY3MzctbUx3WExjQ0I3UDRNYldJbE9BWmotc2Vzc2lvbiIsImV4cCI6MTc3Njg0NDc0OSwiaWF0IjoxNzc2ODQxMDU5LCJ0dGwiOiIzNjAwIiwianRpIjoiMTI1MzcyNTkwODkwODkxMjY0MSJ9.hVSsL_Vm7q9I5jtKctpX0H_fJcO1XYBz0PbYDicFzoo:0
[   27462ms] [WARNING] [辅助区] v3:status {mountMode: embed, isUIEnable: true, isUIAutoExpanded: true, isSurveyEnable: true, isSurveyAutoExpanded: false} {time: 1776841167547} @ https://dongting.baidu-int.com/sdk-v2/dongting-sdk-v2.js:0
[   27466ms] [LOG] 2. 调用WebSocket的close方法： 2026/4/22 14:59:27 @ https://work.infoflow.baidu.com/workflow/api/engine-pre/js-rcv/uflow.js?sceneId=be&token=eyJ0eXAiOiJKV1QiLCJhbGciOiJIUzI1NiJ9.eyJzVG9rZW4iOiJTVC0xMjUzNzI1OTA4OTA4OTA4NTQ1LURtazNjaFRlMW9peDVGekt6U0hOLXNlc3Npb24iLCJmcm9tQXBwS2V5IjoidXVhcGNsaWVudC0zLU5sQVNLZTdCVUI5Mm1ZRml5RHpNIiwiaXNzIjoidXVhcCIsInBUb2tlbiI6IlBULTEyNTM3MjU5MDg5MDg5MTY3MzctbUx3WExjQ0I3UDRNYldJbE9BWmotc2Vzc2lvbiIsImV4cCI6MTc3Njg0NDc0OSwiaWF0IjoxNzc2ODQxMDU5LCJ0dGwiOiIzNjAwIiwianRpIjoiMTI1MzcyNTkwODkwODkxMjY0MSJ9.hVSsL_Vm7q9I5jtKctpX0H_fJcO1XYBz0PbYDicFzoo:0
[   27466ms] [WARNING] [辅助区] v3: sdk icon show {time: 1776841167551} @ https://dongting.baidu-int.com/sdk-v2/dongting-sdk-v2.js:0
[   27466ms] [WARNING] [辅助区] show:触发 {type: icon, _currentType: icon} {time: 1776841167551} @ https://dongting.baidu-int.com/sdk-v2/dongting-sdk-v2.js:0
[   27466ms] [WARNING] [辅助区] show:隐藏上一个 icon {time: 1776841167551} @ https://dongting.baidu-int.com/sdk-v2/dongting-sdk-v2.js:0
[   27467ms] [WARNING] [辅助区] show:显示当前 icon {time: 1776841167551} @ https://dongting.baidu-int.com/sdk-v2/dongting-sdk-v2.js:0
[   27467ms] [WARNING] [辅助区] show:完成 {type: icon, _currentType: icon} {time: 1776841167551} @ https://dongting.baidu-int.com/sdk-v2/dongting-sdk-v2.js:0
[   27688ms] [WARNING] [辅助区] onFinish: survey {iconVisible: false} {time: 1776841167772} @ https://dongting.baidu-int.com/sdk-v2/dongting-sdk-v2.js:0
[   27688ms] [WARNING] [辅助区] onFinish: survey:  false {time: 1776841167772} @ https://dongting.baidu-int.com/sdk-v2/dongting-sdk-v2.js:0
[   28514ms] [WARNING] [辅助区] event bind dongting:status-change {time: 1776841168598} @ https://okr.baidu-int.com/pages/weekly/dist/commons.chunk.a0b56251.js:0
[   28515ms] [WARNING] [辅助区] event bind dongting:recommendation-new-arrival {time: 1776841168599} @ https://okr.baidu-int.com/pages/weekly/dist/commons.chunk.a0b56251.js:0
[   28515ms] [WARNING] [辅助区] event bind dongting:recommendation-new-open-framework {time: 1776841168599} @ https://okr.baidu-int.com/pages/weekly/dist/commons.chunk.a0b56251.js:0
[   28515ms] [WARNING] [辅助区] event bind dongting:recommendation-clear-all {time: 1776841168599} @ https://okr.baidu-int.com/pages/weekly/dist/commons.chunk.a0b56251.js:0
[   28515ms] [WARNING] [辅助区] event bind dongting:status-change {time: 1776841168599} @ https://okr.baidu-int.com/pages/weekly/dist/commons.chunk.a0b56251.js:0
[   28515ms] [WARNING] [辅助区] event bind inner:topicon-on-bottom-changed {time: 1776841168599} @ https://dongting.baidu-int.com/sdk-v2/dongting-sdk-v2.js:0
[   28515ms] [WARNING] [辅助区] event bind dongting:ui-v2-after-show {time: 1776841168599} @ https://okr.baidu-int.com/pages/weekly/dist/commons.chunk.a0b56251.js:0
[   28515ms] [WARNING] [辅助区] event bind dongting:ui-v2-after-hide {time: 1776841168599} @ https://okr.baidu-int.com/pages/weekly/dist/commons.chunk.a0b56251.js:0
[   28529ms] [WARNING] [辅助区] event bind dongting:ui-single-instruction-availabled {time: 1776841168613} @ https://okr.baidu-int.com/pages/weekly/dist/commons.chunk.a0b56251.js:0
[   28529ms] [WARNING] [辅助区] event bind dongting:ui-single-instruction-trigger-popover {time: 1776841168613} @ https://okr.baidu-int.com/pages/weekly/dist/commons.chunk.a0b56251.js:0
[   28529ms] [WARNING] [辅助区] event bind dongting:ui-single-instruction-before-show {time: 1776841168613} @ https://okr.baidu-int.com/pages/weekly/dist/commons.chunk.a0b56251.js:0
[   28529ms] [WARNING] [辅助区] event bind dongting:ui-single-instruction-before-hide {time: 1776841168613} @ https://okr.baidu-int.com/pages/weekly/dist/commons.chunk.a0b56251.js:0
[   28529ms] [WARNING] [辅助区] event bind dongting:ui-single-instruction-mount {time: 1776841168613} @ https://okr.baidu-int.com/pages/weekly/dist/commons.chunk.a0b56251.js:0
[   28529ms] [WARNING] [辅助区] event bind dongting:ui-v2-before-show {time: 1776841168613} @ https://okr.baidu-int.com/pages/weekly/dist/commons.chunk.a0b56251.js:0
[   28529ms] [WARNING] [辅助区] event bind dongting:survey-before-show {time: 1776841168613} @ https://okr.baidu-int.com/pages/weekly/dist/commons.chunk.a0b56251.js:0
[   28529ms] [WARNING] [辅助区] event bind dongting:sdk-icon-before-show {time: 1776841168613} @ https://okr.baidu-int.com/pages/weekly/dist/commons.chunk.a0b56251.js:0
[   28529ms] [WARNING] [辅助区] event bind dongting:all-before-hide {time: 1776841168613} @ https://okr.baidu-int.com/pages/weekly/dist/commons.chunk.a0b56251.js:0
[   28529ms] [WARNING] [辅助区] event bind dongting:sdk-ui-theme-change {time: 1776841168614} @ https://okr.baidu-int.com/pages/weekly/dist/commons.chunk.a0b56251.js:0
[   28529ms] [WARNING] [辅助区] event bind dongting:sdk-icon-module-disable {time: 1776841168614} @ https://okr.baidu-int.com/pages/weekly/dist/commons.chunk.a0b56251.js:0
[   28529ms] [WARNING] [辅助区] event bind dongting:sdk-icon-module-enable {time: 1776841168614} @ https://okr.baidu-int.com/pages/weekly/dist/commons.chunk.a0b56251.js:0
[   28890ms] [WARNING] [辅助区] 记录contentContainerOffsetTop 0 {time: 1776841168974} @ :3
[   28890ms] [WARNING] [辅助区] event bind dongting:url-change {time: 1776841168974} @ https://okr.baidu-int.com/pages/weekly/dist/commons.chunk.a0b56251.js:0
[   28890ms] [WARNING] [辅助区] event bind dongting:single-instruction-send-ui {time: 1776841168974} @ https://okr.baidu-int.com/pages/weekly/dist/commons.chunk.a0b56251.js:0
[   28890ms] [WARNING] [辅助区] event bind dongting:sdk-ui-recommend-anchor-location {time: 1776841168975} @ https://okr.baidu-int.com/pages/weekly/dist/commons.chunk.a0b56251.js:0
[   28892ms] [WARNING] [辅助区] 记录contentContainerOffsetTop 0 {time: 1776841168976} @ :3
[   28892ms] [WARNING] [辅助区] api:: https://dongting.baidu-int.com/dongting-web /sys/user/current {time: 1776841168977} @ :3
[   28892ms] [WARNING] [辅助区] xhr null {time: 1776841168977} @ https://dongting.baidu-int.com/sdk-v2/dongting-sdk-v2.js:0
[   28893ms] [WARNING] [辅助区] api:: https://dongting.baidu-int.com/dongting-web /chat/chatFace {frameworkId: 91, frontTimeStamp: 1776841168977, serialNumber: undefined, url: https://okr.baidu-int.com/pages/weekly.html#/home?id=undefined&date=s2026-04-20, operationSource: PC} {time: 1776841168977} @ :3
[   28893ms] [WARNING] [辅助区] xhr {"frameworkId":"91","frontTimeStamp":1776841168977,"url":"https://okr.baidu-int.com/pages/weekly.html#/home?id=undefined&date=s2026-04-20","operationSource":"PC","sourceClient":"PC","targetClient":"PC"} {time: 1776841168978} @ https://dongting.baidu-int.com/sdk-v2/dongting-sdk-v2.js:0
[   28894ms] [WARNING] [辅助区] 渲染动画 0 0 {time: 1776841168978} @ :3
[   28894ms] [WARNING] [辅助区] onPushNewGroup bind dongting:push-new-recommend-group {time: 1776841168979} @ :3
[   28894ms] [WARNING] [辅助区] event bind dongting:push-new-recommend-group {time: 1776841168979} @ https://okr.baidu-int.com/pages/weekly/dist/commons.chunk.a0b56251.js:0
[   28894ms] [WARNING] [辅助区] channel addListener {groupBuffer: t, messageBuffer: t} {time: 1776841168979} @ https://dongting.baidu-int.com/sdk-v2/dongting-sdk-v2.js:0
[   28895ms] [WARNING] [辅助区] MessageBuffer => ensureWorking {now: 1776841168979, startedAt: 1776841167547, bufferPreservedDelayMs: 10000} {time: 1776841168979} @ https://dongting.baidu-int.com/sdk-v2/dongting-sdk-v2.js:0
[   28895ms] [WARNING] [辅助区] event bind dongting:manual-clear-recommend-cards {time: 1776841168979} @ https://okr.baidu-int.com/pages/weekly/dist/commons.chunk.a0b56251.js:0
[   28895ms] [WARNING] [辅助区] api:: https://dongting.baidu-int.com/dongting-web /recommend/getInfo {frameworkId: 91, frontTimeStamp: undefined, serialNumber: undefined, url: https://okr.baidu-int.com/pages/weekly.html#/home?id=undefined&date=s2026-04-20} {time: 1776841168979} @ :3
[   28895ms] [WARNING] [辅助区] xhr {"frameworkId":"91","url":"https://okr.baidu-int.com/pages/weekly.html#/home?id=undefined&date=s2026-04-20","sourceClient":"PC","targetClient":"PC"} {time: 1776841168979} @ https://dongting.baidu-int.com/sdk-v2/dongting-sdk-v2.js:0
[   28895ms] [WARNING] [辅助区] frameworkId-id 91 undefined {time: 1776841168980} @ :3
[   28895ms] [WARNING] [辅助区] api:: https://dongting.baidu-int.com/dongting-web /faq/getInfo {frameworkId: 91, frontTimeStamp: undefined, serialNumber: undefined, url: https://okr.baidu-int.com/pages/weekly.html#/home?id=undefined&date=s2026-04-20} {time: 1776841168980} @ :3
[   28895ms] [WARNING] [辅助区] xhr {"frameworkId":"91","url":"https://okr.baidu-int.com/pages/weekly.html#/home?id=undefined&date=s2026-04-20","sourceClient":"PC","targetClient":"PC"} {time: 1776841168980} @ https://dongting.baidu-int.com/sdk-v2/dongting-sdk-v2.js:0
[   28896ms] [WARNING] [辅助区] event bind dongting-dev:mock-message {time: 1776841168980} @ https://okr.baidu-int.com/pages/weekly/dist/commons.chunk.a0b56251.js:0
[   28896ms] [WARNING] [辅助区] event bind dongting-dev:mock-message-v2 {time: 1776841168980} @ https://okr.baidu-int.com/pages/weekly/dist/commons.chunk.a0b56251.js:0
[   28896ms] [WARNING] [辅助区] api:: https://dongting.baidu-int.com/dongting-web /workOrder/template/getInfo {frameworkId: 91, frontTimeStamp: undefined, serialNumber: undefined, url: https://okr.baidu-int.com/pages/weekly.html#/home?id=undefined&date=s2026-04-20} {time: 1776841168980} @ :3
[   28896ms] [WARNING] [辅助区] xhr {"frameworkId":"91","url":"https://okr.baidu-int.com/pages/weekly.html#/home?id=undefined&date=s2026-04-20","sourceClient":"PC","targetClient":"PC"} {time: 1776841168981} @ https://dongting.baidu-int.com/sdk-v2/dongting-sdk-v2.js:0
[   28906ms] [LOG] [*** OKR LOG ***]:  [dongting] --- groupPushData ---: [Object] @ https://okr.baidu-int.com/pages/weekly/dist/weekly.bundle.a238815a.js:0
[   28912ms] [WARNING] [辅助区] xhr {"frameworkId":"91","url":"https://okr.baidu-int.com/pages/weekly.html#/home?id=undefined&date=s2026-04-20","frontTimeStamp":1776841168996,"sourceClient":"PC","targetClient":"PC","contentDTOs":[{"destPath":"uflowChannel://dongting/BE/dongting/91-i3gs1a7h95p_1","modelCode":"WEEKLY_REPORT_USER_RECENT","modelParam":{}}]} {time: 1776841168997} @ https://dongting.baidu-int.com/sdk-v2/dongting-sdk-v2.js:0
[   29015ms] [LOG] status {mountMode: embed, isUIEnable: true, isUIAutoExpanded: true, isSurveyEnable: true, isSurveyAutoExpanded: false} @ https://okr.baidu-int.com/pages/weekly/dist/home-page.chunk.dea37d05.js:0
[   29100ms] [LOG] %cInfo%c%s background-color:#3C9DFF;color:#fff;padding:2px 3px;border-radius:3px;margin-right:7px color:#3C9DFF;margin-right:7px 编辑器实例创建: ce9e8af0-3e18-11f1-924b-0bfcc58c56c4 @ https://okr.baidu-int.com/pages/weekly/dist/morpho.chunk.bc1c1491.js:7
[   29118ms] [LOG] [*** OKR LOG ***]:  RteNotify:  {type: keyboard, action: hide, data: Object, info: 文档标题变更} @ https://okr.baidu-int.com/pages/weekly/dist/weekly.bundle.a238815a.js:0
[   29122ms] [LOG] [*** OKR LOG ***]:  RteNotify:  {type: init, action: start, data: Object, info: 文档初始化开始} @ https://okr.baidu-int.com/pages/weekly/dist/weekly.bundle.a238815a.js:0
[   29122ms] [LOG] [*** OKR LOG ***]:  RteNotify:  {type: init, action: pageStart, data: Object, info: 切换文档初始化} @ https://okr.baidu-int.com/pages/weekly/dist/weekly.bundle.a238815a.js:0
[   29198ms] [WARNING] [辅助区] GroupBuffer {handle: , isWorked: false} {time: 1776841169282} @ https://dongting.baidu-int.com/sdk-v2/dongting-sdk-v2.js:0
[   29198ms] [WARNING] [辅助区] onPushNewGroup 2046846334482010114 {time: 1776841169282} @ :3
[   29199ms] [WARNING] [辅助区] 渲染动画 0 0 {time: 1776841169283} @ :3
[   29200ms] [WARNING] [辅助区] 渲染动画 0 0 {time: 1776841169285} @ :3
[   29200ms] [WARNING] [辅助区] onPushNewGroup 2046846334482010114 {time: 1776841169285} @ :3
[   29201ms] [WARNING] [辅助区] 渲染动画 0 0 {time: 1776841169285} @ :3
[   29205ms] [WARNING] [辅助区] 渲染动画 0 0 {time: 1776841169289} @ :3
[   29437ms] [LOG] [*** OKR LOG ***]:  RteNotify:  {type: ws, action: connect:success, data: Object, info: ws连接成功} @ https://okr.baidu-int.com/pages/weekly/dist/weekly.bundle.a238815a.js:0
[   29437ms] [LOG] [*** OKR LOG ***]:  RteNotify:  {type: log, action: special, data: Object, info: ws连接成功} @ https://okr.baidu-int.com/pages/weekly/dist/weekly.bundle.a238815a.js:0
[   29461ms] [LOG] [*** OKR LOG ***]:  RteNotify:  {type: collaborator, action: change, data: Object, info: 协同用户变更} @ https://okr.baidu-int.com/pages/weekly/dist/weekly.bundle.a238815a.js:0
[   29530ms] [LOG] 3. 监听到WebSocket close事件 2026/4/22 14:59:29 1000 wss://uflow.baidu-int.com/flow-engine/ws?userToken=80079216ac4998d1&sceneId=be @ https://work.infoflow.baidu.com/workflow/api/engine-pre/js-rcv/uflow.js?sceneId=be&token=eyJ0eXAiOiJKV1QiLCJhbGciOiJIUzI1NiJ9.eyJzVG9rZW4iOiJTVC0xMjUzNzI1OTA4OTA4OTA4NTQ1LURtazNjaFRlMW9peDVGekt6U0hOLXNlc3Npb24iLCJmcm9tQXBwS2V5IjoidXVhcGNsaWVudC0zLU5sQVNLZTdCVUI5Mm1ZRml5RHpNIiwiaXNzIjoidXVhcCIsInBUb2tlbiI6IlBULTEyNTM3MjU5MDg5MDg5MTY3MzctbUx3WExjQ0I3UDRNYldJbE9BWmotc2Vzc2lvbiIsImV4cCI6MTc3Njg0NDc0OSwiaWF0IjoxNzc2ODQxMDU5LCJ0dGwiOiIzNjAwIiwianRpIjoiMTI1MzcyNTkwODkwODkxMjY0MSJ9.hVSsL_Vm7q9I5jtKctpX0H_fJcO1XYBz0PbYDicFzoo:0
[   29806ms] [WARNING] [辅助区] 渲染动画 0 0 {time: 1776841169890} @ :3
[   29807ms] [WARNING] [辅助区] 渲染动画 0 0 {time: 1776841169891} @ :3
[   29856ms] [LOG] [*** OKR LOG ***]:  RteNotify:  {type: init, action: doc:end, data: Object, info: RTE获取文档内容完成，编辑器开始渲染} @ https://okr.baidu-int.com/pages/weekly/dist/weekly.bundle.a238815a.js:0
[   29856ms] [LOG] [*** OKR LOG ***]:  RteNotify:  {type: editor, action: slide:init, data: Object, info: 卡片模式状态} @ https://okr.baidu-int.com/pages/weekly/dist/weekly.bundle.a238815a.js:0
[   29887ms] [LOG] %cInfo%c%s%s%o background-color:#3C9DFF;color:#fff;padding:2px 3px;border-radius:3px;margin-right:7px color:#3C9DFF;margin-right:7px morpho-plugin-okr: [NormalizeNode]:  OKRNode need supplement struct props:  {type: okr, children: Array(1), isTemplate: true, data: Object, diffId: qzcu3sOe} @ https://okr.baidu-int.com/pages/weekly/dist/morpho.chunk.bc1c1491.js:7
[   29888ms] [LOG] %cInfo%c%s%O background-color:#3C9DFF;color:#fff;padding:2px 3px;border-radius:3px;margin-right:7px color:#3C9DFF;margin-right:7px [normalize] 插件发现有数据需要修正 [Object, Array(1)] @ https://okr.baidu-int.com/pages/weekly/dist/morpho.chunk.bc1c1491.js:7
[   29890ms] [LOG] %cInfo%c%s%s background-color:#3C9DFF;color:#fff;padding:2px 3px;border-radius:3px;margin-right:7px color:#3C9DFF;margin-right:7px 初始化 normalize 耗时 12ms @ https://okr.baidu-int.com/pages/weekly/dist/morpho.chunk.bc1c1491.js:7
[   29929ms] [LOG] %cInfo%c%s background-color:#3C9DFF;color:#fff;padding:2px 3px;border-radius:3px;margin-right:7px color:#3C9DFF;margin-right:7px 编辑器首屏 DOM 构建完成(39ms)，全文分片：1 @ https://okr.baidu-int.com/pages/weekly/dist/morpho.chunk.bc1c1491.js:7
[   29929ms] [LOG] %cInfo%c%s background-color:#3C9DFF;color:#fff;padding:2px 3px;border-radius:3px;margin-right:7px color:#3C9DFF;margin-right:7px 编辑器全量 DOM 构建完成，共耗时：40 ms，分片渲染平均耗时：40 ms @ https://okr.baidu-int.com/pages/weekly/dist/morpho.chunk.bc1c1491.js:7
[   29949ms] [LOG] [*** OKR LOG ***]:  RteNotify:  {type: init, action: end, data: Object, info: 文档初始化完毕} @ https://okr.baidu-int.com/pages/weekly/dist/weekly.bundle.a238815a.js:0
[   29953ms] [LOG] [*** OKR LOG ***]:  RteNotify:  {type: editor, action: change:title, data: Object, info: 文档标题变更} @ https://okr.baidu-int.com/pages/weekly/dist/weekly.bundle.a238815a.js:0
[   29967ms] [LOG] [*** OKR LOG ***]:  RteNotify:  {type: perfInfo, action: , data: Object, info: } @ https://okr.baidu-int.com/pages/weekly/dist/weekly.bundle.a238815a.js:0
[   29967ms] [LOG] %cInfo%c%s background-color:#3C9DFF;color:#fff;padding:2px 3px;border-radius:3px;margin-right:7px color:#3C9DFF;margin-right:7px 首屏浏览器渲染耗时: 39ms @ https://okr.baidu-int.com/pages/weekly/dist/morpho.chunk.bc1c1491.js:7
[   29967ms] [LOG] [*** OKR LOG ***]:  RteNotify:  {type: dom, action: fsDomReady, data: Object, info: 首屏dom渲染完成} @ https://okr.baidu-int.com/pages/weekly/dist/weekly.bundle.a238815a.js:0
[   29968ms] [LOG] [*** OKR LOG ***]:  RteNotify:  {type: dom, action: domReady, data: Object, info: 全量dom渲染完成} @ https://okr.baidu-int.com/pages/weekly/dist/weekly.bundle.a238815a.js:0
[   29977ms] [LOG] %cInfo%c%s background-color:#3C9DFF;color:#fff;padding:2px 3px;border-radius:3px;margin-right:7px color:#3C9DFF;margin-right:7px 编辑器全量 DOM 构建完成，共耗时：88 ms，分片渲染平均耗时：88 ms @ https://okr.baidu-int.com/pages/weekly/dist/morpho.chunk.bc1c1491.js:7
[   29978ms] [LOG] %cInfo%c%s%s%s background-color:#3C9DFF;color:#fff;padding:2px 3px;border-radius:3px;margin-right:7px color:#3C9DFF;margin-right:7px [virtual render] 添加滚动容器 scroll 监听 SECTION mp-layout-content-container baidu__editor__content okr-weekly-rte @ https://okr.baidu-int.com/pages/weekly/dist/morpho.chunk.bc1c1491.js:7
[   29978ms] [LOG] %cInfo%c%s%s%s background-color:#3C9DFF;color:#fff;padding:2px 3px;border-radius:3px;margin-right:7px color:#3C9DFF;margin-right:7px [virtual render] 添加 resize observer DIV  mp-editor-container  okr-weekly-rte  @ https://okr.baidu-int.com/pages/weekly/dist/morpho.chunk.bc1c1491.js:7
[   30066ms] [LOG] [*** OKR LOG ***]:  RteNotify:  {type: dom, action: domReady, data: Object, info: 全量dom渲染完成} @ https://okr.baidu-int.com/pages/weekly/dist/weekly.bundle.a238815a.js:0
[   30071ms] [LOG] 新建缓存对象成功 @ https://okr.baidu-int.com/pages/weekly/dist/rte.chunk.723ce0b1.js:0
[   30072ms] [WARNING] [辅助区] MessageBuffer => ensureWorking {now: 1776841170157, startedAt: 1776841167547, bufferPreservedDelayMs: 10000} {time: 1776841170157} @ https://dongting.baidu-int.com/sdk-v2/dongting-sdk-v2.js:0
[   30072ms] [WARNING] [辅助区] messageQueue => push {type: card, data: Object} {time: 1776841170157} @ https://dongting.baidu-int.com/sdk-v2/dongting-sdk-v2.js:0
[   30073ms] [WARNING] [辅助区] innerDataChannel:addListener {type: card, data: Object, groupId: 2046846334482010114} {time: 1776841170157} @ :3
[   30073ms] [WARNING] [辅助区] progressGroupQueue n {time: 1776841170157} @ :3
[   30073ms] [WARNING] [辅助区] 收到推送数据 {data: Object, show: true, order: 0, groupId: 2046846334482010114, type: card} {time: 1776841170157} @ :3
[   30073ms] [WARNING] [辅助区] innerDataChannel:addListener {type: card, data: Object, groupId: 2046846334482010114} {time: 1776841170158} @ :3
[   30073ms] [WARNING] [辅助区] progressGroupQueue n {time: 1776841170158} @ :3
[   30073ms] [WARNING] [辅助区] 收到推送数据 {data: Object, show: true, order: 0, groupId: 2046846334482010114, type: card} {time: 1776841170158} @ :3
[   30091ms] [WARNING] %cWarning: a promise was created in a handler at /okr.baidu-int.com/pages/weekly/dll/vendor.51625c00.bundle.js:66:23859 but was not returned from it, see http://goo.gl/rRqMUw
Error
    at B (https://okr.baidu-int.com/pages/weekly/dll/vendor.51625c00.bundle.js:66:37565)
    at r._warn (https://okr.baidu-int.com/pages/weekly/dll/vendor.51625c00.bundle.js:66:32645)
    at Object.checkForgottenReturns (https://okr.baidu-int.com/pages/weekly/dll/vendor.51625c00.bundle.js:66:42777)
    at A._settlePromiseFromHandler (https://okr.baidu-int.com/pages/weekly/dll/vendor.51625c00.bundle.js:66:66937)
From previous event:
    at A.L [as _captureStackTrace] (https://okr.baidu-int.com/pages/weekly/dll/vendor.51625c00.bundle.js:66:37237)
    at A._resolveFromExecutor (https://okr.baidu-int.com/pages/weekly/dll/vendor.51625c00.bundle.js:66:66361)
    at new A (https://okr.baidu-int.com/pages/weekly/dll/vendor.51625c00.bundle.js:66:59607)
    at u (https://okr.baidu-int.com/pages/weekly/dist/index-page.chunk.0899d533.js:1:2448344)
    at https://okr.baidu-int.com/pages/weekly/dist/index-page.chunk.0899d533.js:1:2458280
    at https://okr.baidu-int.com/pages/weekly/dist/index-page.chunk.0899d533.js:1:2459159
    at Dl (https://okr.baidu-int.com/pages/weekly/dll/vendor.51625c00.bundle.js:36:104242)
    at e.unstable_runWithPriority (https://okr.baidu-int.com/pages/weekly/dll/vendor.51625c00.bundle.js:44:3768)
    at zi (https://okr.baidu-int.com/pages/weekly/dll/vendor.51625c00.bundle.js:36:44547)
    at Tl (https://okr.baidu-int.com/pages/weekly/dll/vendor.51625c00.bundle.js:36:103705)
    at https://okr.baidu-int.com/pages/weekly/dll/vendor.51625c00.bundle.js:36:103616
    at L (https://okr.baidu-int.com/pages/weekly/dll/vendor.51625c00.bundle.js:44:2828)
    at E.port1.onmessage (https://okr.baidu-int.com/pages/weekly/dll/vendor.51625c00.bundle.js:44:1551) color: darkorange @ https://okr.baidu-int.com/pages/weekly/dll/vendor.51625c00.bundle.js:65
[   30091ms] [LOG] [*** OKR LOG ***]:  RteNotify:  {type: AIGCPluginMessageChange, action: ready, data: Object, info: AIGCPlugin Message Change} @ https://okr.baidu-int.com/pages/weekly/dist/weekly.bundle.a238815a.js:0
[   30091ms] [LOG] %c2026/4/22 14:59:30 [a] - AIGC中转能力代理被初始化，分配的对象id --> %o color: #1f1721; background: #FF66FF; padding: 2px 4px; font-size: 12px; border-radius: 4px; cf35c1e0-3e18-11f1-b519-5b68183d80a3 MorphoAIGCTransferStation @ https://ops-wps.cdn.bcebos.com/MorphoAIGCTransferStationV1/index.js?v=1763026477077:0
[   30209ms] [WARNING] [辅助区] 执行一次渲染 [Object] JSHandle@node {time: 1776841170293} @ :3
[   30210ms] [WARNING] [辅助区] preRender渲染类型 {type: flow} {time: 1776841170295} @ :3
[   30210ms] [WARNING] [辅助区] 渲染卡片高度promises [Promise] {time: 1776841170295} @ :3
[   30210ms] [WARNING] [辅助区] flowJS.channel.render {time: 1776841170295} @ https://dongting.baidu-int.com/sdk-v2/dongting-sdk-v2.js:0
[   30211ms] [WARNING] [辅助区] 执行一次渲染 [Object] JSHandle@node {time: 1776841170295} @ :3
[   30211ms] [WARNING] [辅助区] preRender渲染类型 {type: flow} {time: 1776841170296} @ :3
[   30211ms] [WARNING] [辅助区] 渲染卡片高度promises [Promise] {time: 1776841170296} @ :3
[   30211ms] [WARNING] [辅助区] flowJS.channel.render {time: 1776841170296} @ https://dongting.baidu-int.com/sdk-v2/dongting-sdk-v2.js:0
[   30229ms] [LOG] [*** OKR LOG ***]:  RteNotify:  {type: save, action: saving, data: Object, info: 保存中} @ https://okr.baidu-int.com/pages/weekly/dist/weekly.bundle.a238815a.js:0
[   30230ms] [LOG] [*** OKR LOG ***]:  RteNotify:  {type: editor, action: change:first, data: Object, info: 文档首次变更} @ https://okr.baidu-int.com/pages/weekly/dist/weekly.bundle.a238815a.js:0
[   30271ms] [LOG] AIGC插件-----Mounted---------- @ https://ops-wps.cdn.bcebos.com/OkrWeeklyAIChatPluginV2/index.js?v=1731477508081:0
[   30271ms] [LOG] AIGC多模渲染引擎--init--config---- {appName: morpho-aigc-plugin-for-okr-weekly, userId: 1037807} @ https://ops-wps.cdn.bcebos.com/OkrWeeklyAIChatPluginV2/index.js?v=1731477508081:0
[   30414ms] [WARNING] Mixed Content: The page at 'https://okr.baidu-int.com/pages/weekly.html#/home?date=s2026-04-20&mandatorId=s&isEdit=true' was loaded over HTTPS, but requested an insecure element 'http://okrfile.weiyun.baidu.com/report/rte/common/getImage/1B7haLq4Xv9SVQ-pYYxNJQ'. This request was automatically upgraded to HTTPS, For more information see https://blog.chromium.org/2019/10/no-more-mixed-messages-about-https.html @ https://okr.baidu-int.com/pages/weekly.html#/home?date=s2026-04-20&mandatorId=s&isEdit=true:0
[   30428ms] [WARNING] %cWarning: a promise was created in a handler at /okr.baidu-int.com/pages/weekly/dll/vendor.51625c00.bundle.js:66:23859 but was not returned from it, see http://goo.gl/rRqMUw
Error
    at B (https://okr.baidu-int.com/pages/weekly/dll/vendor.51625c00.bundle.js:66:37565)
    at r._warn (https://okr.baidu-int.com/pages/weekly/dll/vendor.51625c00.bundle.js:66:32645)
    at Object.checkForgottenReturns (https://okr.baidu-int.com/pages/weekly/dll/vendor.51625c00.bundle.js:66:42777)
    at A._settlePromiseFromHandler (https://okr.baidu-int.com/pages/weekly/dll/vendor.51625c00.bundle.js:66:66937)
From previous event:
    at A.L [as _captureStackTrace] (https://okr.baidu-int.com/pages/weekly/dll/vendor.51625c00.bundle.js:66:37237)
    at A._then (https://okr.baidu-int.com/pages/weekly/dll/vendor.51625c00.bundle.js:66:62286)
    at A.then (https://okr.baidu-int.com/pages/weekly/dll/vendor.51625c00.bundle.js:66:60642)
    at e (https://okr.baidu-int.com/pages/weekly/dist/rte.chunk.723ce0b1.js:1:995634)
    at https://okr.baidu-int.com/pages/weekly/dist/rte.chunk.723ce0b1.js:1:997269
    at Dl (https://okr.baidu-int.com/pages/weekly/dll/vendor.51625c00.bundle.js:36:104242)
    at e.unstable_runWithPriority (https://okr.baidu-int.com/pages/weekly/dll/vendor.51625c00.bundle.js:44:3768)
    at zi (https://okr.baidu-int.com/pages/weekly/dll/vendor.51625c00.bundle.js:36:44547)
    at Tl (https://okr.baidu-int.com/pages/weekly/dll/vendor.51625c00.bundle.js:36:103705)
    at pl (https://okr.baidu-int.com/pages/weekly/dll/vendor.51625c00.bundle.js:36:95006)
    at https://okr.baidu-int.com/pages/weekly/dll/vendor.51625c00.bundle.js:36:44770
    at e.unstable_runWithPriority (https://okr.baidu-int.com/pages/weekly/dll/vendor.51625c00.bundle.js:44:3768)
    at zi (https://okr.baidu-int.com/pages/weekly/dll/vendor.51625c00.bundle.js:36:44547)
    at Wi (https://okr.baidu-int.com/pages/weekly/dll/vendor.51625c00.bundle.js:36:44715)
    at Hi (https://okr.baidu-int.com/pages/weekly/dll/vendor.51625c00.bundle.js:36:44650)
    at ol (https://okr.baidu-int.com/pages/weekly/dll/vendor.51625c00.bundle.js:36:92478)
    at ws (https://okr.baidu-int.com/pages/weekly/dll/vendor.51625c00.bundle.js:36:64171)
    at t.<anonymous> (https://okr.baidu-int.com/pages/weekly/dist/rte.chunk.723ce0b1.js:1:1513565)
    at e.trigger (https://okr.baidu-int.com/pages/weekly/dist/rte.chunk.723ce0b1.js:1:1584661)
    at e.emit (https://okr.baidu-int.com/pages/weekly/dist/rte.chunk.723ce0b1.js:1:1585006)
    at https://okr.baidu-int.com/pages/weekly/dist/rte.chunk.723ce0b1.js:1:1549700
    at https://okr.baidu-int.com/pages/weekly/dist/rte.chunk.723ce0b1.js:1:228667 color: darkorange @ https://okr.baidu-int.com/pages/weekly/dll/vendor.51625c00.bundle.js:65
[   30454ms] [LOG] [*** OKR LOG ***]:  RteNotify:  {type: comment, action: init, data: Object} @ https://okr.baidu-int.com/pages/weekly/dist/weekly.bundle.a238815a.js:0
[   30473ms] [LOG] %cInfo%c%s%O background-color:#3C9DFF;color:#fff;padding:2px 3px;border-radius:3px;margin-right:7px color:#3C9DFF;margin-right:7px validate error:  Error: node_data_invalid @ https://okr.baidu-int.com/pages/weekly/dist/morpho.chunk.bc1c1491.js:7
[   30475ms] [LOG] [*** OKR LOG ***]:  ai start @ https://okr.baidu-int.com/pages/weekly/dist/weekly.bundle.a238815a.js:0
[   30489ms] [LOG] %c2026/4/22 14:59:30 [a] - 执行ref方法 set --> %o color: #1f1721; background: #FF66FF; padding: 2px 4px; font-size: 12px; border-radius: 4px; {cursorIndex: Array(2), contextPos: 1} @ https://ops-wps.cdn.bcebos.com/OkrWeeklyAIChatPluginV2/index.js?v=1731477508081:0
[   30496ms] [LOG] %c2026/4/22 14:59:30 [c] - socket open color: #1f1721; background: #FFCC33; padding: 2px 4px; font-size: 12px; border-radius: 4px; @ https://ops-wps.cdn.bcebos.com/OkrWeeklyAIChatPluginV2/index.js?v=1731477508081:0
[   30688ms] [LOG] [*** OKR LOG ***]:  ai question action: iCafe卡片内容汇总 aiWrite @ https://okr.baidu-int.com/pages/weekly/dist/weekly.bundle.a238815a.js:0
[   30689ms] [LOG] %c2026/4/22 14:59:30 [h] - 开始提问，本次提问的问题 & 指令 --> %o color: #1f1721; background: #FF99CC; padding: 2px 4px; font-size: 12px; border-radius: 4px; {qs: iCafe卡片内容汇总, action: aiWrite, ctx: } @ https://ops-wps.cdn.bcebos.com/OkrWeeklyAIChatPluginV2/index.js?v=1731477508081:0
[   30690ms] [LOG] [*** OKR LOG ***]:  onLog id data: 80001.2.154 {action: 0, conversationId: cf72a3d0-3e18-11f1-a0af-c9c4702460c0} @ https://okr.baidu-int.com/pages/weekly/dist/weekly.bundle.a238815a.js:0
[   30785ms] [LOG] %c2026/4/22 14:59:30 [b] - 原始 answer 数据 --> %o color: #1f1721; background: #0099FF; padding: 2px 4px; font-size: 12px; border-radius: 4px; ### 本周工作总结
重要会议总结:
- 参加了[视频云-制造双周产品对齐会](https://work.infoflow.baidu.com/workflow/web/schedule/detail?&eventId=73498979cb964c5ab7a83150b614b791_20260417T010000Z&calendarId=&id=0&masterId=0&recurrenceId=0)会议，会议讨论了有关[云智思享会- 深圳消费电子大模型交互](https://ku.baidu-int.com/knowledge/HFVrC7hq1Q/QnsAGUmwec/rpnDp9f3sd/cziIGriqJ48Nst)的文档，本文是关于云智思享会-深圳消费电子大模型交互活动的整体规划文档，涵盖了活动背景、基本信息、展区规划、传播规划、重点客户及物料准备等方面
- 参加了[【暂定】Data Agent产品培训](https://work.infoflow.baidu.com/workflow/web/schedule/detail?&eventId=299ce09e0e0442fe9903291b828ed0d1&calendarId=&id=0&masterId=0&recurrenceId=0)会议，会议讨论了有关[Data agent](https://ku.baidu-int.com/knowledge/HFVrC7hq1Q/qMApQ04r-e/adrvk1oDOy/5mQRP1m-U4x2x5)的文档，本文介绍了Data Agent这一分析探索类产品的定位、特点、售卖模式，强调其面向懂业务懂技术的人，旨在加快业务决策和闭环，具有严肃性和泛化性，并通过不同的售卖模式快速进入市场并逐步扩展能力
- 还参加了[「凝心聚力 逐浪攀峰」制造业务部全员会](https://work.infoflow.baidu.com/workflow/web/schedule/detail?&eventId=ad2abe37f812478b8b88edc45b538822&calendarId=&id=0&masterId=0&recurrenceId=0)会议、[山东移动一见产品合作](https://work.infoflow.baidu.com/workflow/web/schedule/detail?&eventId=82a196a3171e40c092503e157619dad9&calendarId=&id=0&masterId=0&recurrenceId=0)会议、[比特智能项目沟通会议](https://work.infoflow.baidu.com/workflow/web/schedule/detail?&eventId=0b55ec66bdf048e5a3f6ea70af537a2c&calendarId=&id=0&masterId=0&recurrenceId=0)会议等几个会议
 @ https://ops-wps.cdn.bcebos.com/OkrWeeklyAIChatPluginV2/index.js?v=1731477508081:0
[   30785ms] [LOG] %c2026/4/22 14:59:30 [f] - 流式打印步长 adjustNum maxStep renderLength:  --> %o color: #1f1721; background: #99FF33; padding: 2px 4px; font-size: 12px; border-radius: 4px; 4 5 3 @ https://ops-wps.cdn.bcebos.com/OkrWeeklyAIChatPluginV2/index.js?v=1731477508081:0
[   30785ms] [LOG] %c2026/4/22 14:59:30 [f] - 首次体感耗时 --> %o color: #1f1721; background: #99FF33; padding: 2px 4px; font-size: 12px; border-radius: 4px; 0.096秒 @ https://ops-wps.cdn.bcebos.com/OkrWeeklyAIChatPluginV2/index.js?v=1731477508081:0
[   30785ms] [LOG] [*** OKR LOG ***]:  onLog id data: 80001.2.159 {action: 1, conversationId: cf72a3d0-3e18-11f1-a0af-c9c4702460c0, answerId: 2046635368144560128, time: 96} @ https://okr.baidu-int.com/pages/weekly/dist/weekly.bundle.a238815a.js:0
[   30799ms] [LOG] %c2026/4/22 14:59:30 [g] - 输出 answer 数据 --> %o color: #1f1721; background: #99FFFF; padding: 2px 4px; font-size: 12px; border-radius: 4px; <h3>本周工作总结</h3>
<p>重要会议总结:</p><ul>
<li>参加了<a target="_blank" href="https://work.infoflow.baidu.com/workflow/web/schedule/detail?&eventId=73498979cb964c5ab7a83150b614b791_20260417T010000Z&calendarId=&id=0&masterId=0&recurrenceId=0">视频云-制造双周产品对齐会</a>会议，会议讨论了有关<a target="_blank" href="https://ku.baidu-int.com/knowledge/HFVrC7hq1Q/QnsAGUmwec/rpnDp9f3sd/cziIGriqJ48Nst">云智思享会- 深圳消费电子大模型交互</a>的文档，本文是关于云智思享会-深圳消费电子大模型交互活动的整体规划文档，涵盖了活动背景、基本信息、展区规划、传播规划、重点客户及物料准备等方面</li>
<li>参加了<a target="_blank" href="https://work.infoflow.baidu.com/workflow/web/schedule/detail?&eventId=299ce09e0e0442fe9903291b828ed0d1&calendarId=&id=0&masterId=0&recurrenceId=0">【暂定】Data Agent产品培训</a>会议，会议讨论了有关<a target="_blank" href="https://ku.baidu-int.com/knowledge/HFVrC7hq1Q/qMApQ04r-e/adrvk1oDOy/5mQRP1m-U4x2x5">Data agent</a>的文档，本文介绍了Data Agent这一分析探索类产品的定位、特点、售卖模式，强调其面向懂业务懂技术的人，旨在加快业务决策和闭环，具有严肃性和泛化性，并通过不同的售卖模式快速进入市场并逐步扩展能力</li>
<li>还参加了<a target="_blank" href="https://work.infoflow.baidu.com/workflow/web/schedule/detail?&eventId=ad2abe37f812478b8b88edc45b538822&calendarId=&id=0&masterId=0&recurrenceId=0">「凝心聚力 逐浪攀峰」制造业务部全员会</a>会议、<a target="_blank" href="https://work.infoflow.baidu.com/workflow/web/schedule/detail?&eventId=82a196a3171e40c092503e157619dad9&calendarId=&id=0&masterId=0&recurrenceId=0">山东移动一见产品合作</a>会议、<a target="_blank" href="https://work.infoflow.baidu.com/workflow/web/schedule/detail?&eventId=0b55ec66bdf048e5a3f6ea70af537a2c&calendarId=&id=0&masterId=0&recurrenceId=0">比特智能项目沟通会议</a>会议等几个会议</li>
</ul>
 @ https://ops-wps.cdn.bcebos.com/OkrWeeklyAIChatPluginV2/index.js?v=1731477508081:0
[   30799ms] [LOG] [*** OKR LOG ***]:  onLog id data: 80001.2.159 {action: 0, conversationId: cf72a3d0-3e18-11f1-a0af-c9c4702460c0, answerId: 2046635368144560128, time: 110} @ https://okr.baidu-int.com/pages/weekly/dist/weekly.bundle.a238815a.js:0
[   30799ms] [LOG] %c2026/4/22 14:59:30 [f] - 本次体感耗时 --> %o color: #1f1721; background: #99FF33; padding: 2px 4px; font-size: 12px; border-radius: 4px; 0.11秒 @ https://ops-wps.cdn.bcebos.com/OkrWeeklyAIChatPluginV2/index.js?v=1731477508081:0
[   30799ms] [LOG] %c2026/4/22 14:59:30 [h] - 本次作答结束 color: #1f1721; background: #FF99CC; padding: 2px 4px; font-size: 12px; border-radius: 4px; @ https://ops-wps.cdn.bcebos.com/OkrWeeklyAIChatPluginV2/index.js?v=1731477508081:0
[   30837ms] [WARNING] [辅助区] flowJS.channel.render: resolve {time: 1776841170921} @ https://dongting.baidu-int.com/sdk-v2/dongting-sdk-v2.js:0
[   30837ms] [WARNING] [辅助区] 渲染卡片高度promises [Object] {time: 1776841170922} @ :3
[   30838ms] [WARNING] [辅助区] 渲染动画 130 0 {time: 1776841170922} @ :3
[   31513ms] [WARNING] %cWarning: a promise was created in a handler at /okr.baidu-int.com/pages/weekly/dll/vendor.51625c00.bundle.js:66:23859 but was not returned from it, see http://goo.gl/rRqMUw
Error
    at B (https://okr.baidu-int.com/pages/weekly/dll/vendor.51625c00.bundle.js:66:37565)
    at r._warn (https://okr.baidu-int.com/pages/weekly/dll/vendor.51625c00.bundle.js:66:32645)
    at Object.checkForgottenReturns (https://okr.baidu-int.com/pages/weekly/dll/vendor.51625c00.bundle.js:66:42777)
    at A._settlePromiseFromHandler (https://okr.baidu-int.com/pages/weekly/dll/vendor.51625c00.bundle.js:66:66937)
From previous event:
    at A.L [as _captureStackTrace] (https://okr.baidu-int.com/pages/weekly/dll/vendor.51625c00.bundle.js:66:37237)
    at A._then (https://okr.baidu-int.com/pages/weekly/dll/vendor.51625c00.bundle.js:66:62286)
    at A.then (https://okr.baidu-int.com/pages/weekly/dll/vendor.51625c00.bundle.js:66:60642)
    at Ki (https://okr.baidu-int.com/pages/weekly/dist/morpho.chunk.bc1c1491.js:8:699659)
    at t.replaceToMention (https://okr.baidu-int.com/pages/weekly/dist/morpho.chunk.bc1c1491.js:8:724512)
    at Object.<anonymous> (https://okr.baidu-int.com/pages/weekly/dist/rte.chunk.723ce0b1.js:1:712318)
    at h (https://okr.baidu-int.com/pages/weekly/dist/rte.chunk.723ce0b1.js:1:1453676)
    at b (https://okr.baidu-int.com/pages/weekly/dist/rte.chunk.723ce0b1.js:1:1453883)
    at v (https://okr.baidu-int.com/pages/weekly/dist/rte.chunk.723ce0b1.js:1:1453785)
    at i (https://okr.baidu-int.com/pages/weekly/dist/commons.chunk.a0b56251.js:1:1545207) color: darkorange @ https://okr.baidu-int.com/pages/weekly/dll/vendor.51625c00.bundle.js:65
[   31545ms] [WARNING] %cWarning: a promise was created in a handler at /okr.baidu-int.com/pages/weekly/dll/vendor.51625c00.bundle.js:66:23859 but was not returned from it, see http://goo.gl/rRqMUw
Error
    at B (https://okr.baidu-int.com/pages/weekly/dll/vendor.51625c00.bundle.js:66:37565)
    at r._warn (https://okr.baidu-int.com/pages/weekly/dll/vendor.51625c00.bundle.js:66:32645)
    at Object.checkForgottenReturns (https://okr.baidu-int.com/pages/weekly/dll/vendor.51625c00.bundle.js:66:42777)
    at A._settlePromiseFromHandler (https://okr.baidu-int.com/pages/weekly/dll/vendor.51625c00.bundle.js:66:66937)
From previous event:
    at A.L [as _captureStackTrace] (https://okr.baidu-int.com/pages/weekly/dll/vendor.51625c00.bundle.js:66:37237)
    at A._then (https://okr.baidu-int.com/pages/weekly/dll/vendor.51625c00.bundle.js:66:62286)
    at A.then (https://okr.baidu-int.com/pages/weekly/dll/vendor.51625c00.bundle.js:66:60642)
    at Ki (https://okr.baidu-int.com/pages/weekly/dist/morpho.chunk.bc1c1491.js:8:699659)
    at t.replaceToMention (https://okr.baidu-int.com/pages/weekly/dist/morpho.chunk.bc1c1491.js:8:724512)
    at Object.<anonymous> (https://okr.baidu-int.com/pages/weekly/dist/rte.chunk.723ce0b1.js:1:712318)
    at h (https://okr.baidu-int.com/pages/weekly/dist/rte.chunk.723ce0b1.js:1:1453676)
    at b (https://okr.baidu-int.com/pages/weekly/dist/rte.chunk.723ce0b1.js:1:1453883)
    at v (https://okr.baidu-int.com/pages/weekly/dist/rte.chunk.723ce0b1.js:1:1453785)
    at i (https://okr.baidu-int.com/pages/weekly/dist/commons.chunk.a0b56251.js:1:1545207) color: darkorange @ https://okr.baidu-int.com/pages/weekly/dll/vendor.51625c00.bundle.js:65
[   35065ms] [LOG] AIGC多模渲染引擎--check---initLogged---- false @ https://ops-wps.cdn.bcebos.com/OkrWeeklyAIChatPluginV2/index.js?v=1731477508081:0
[   35263ms] [LOG] AIGC多模渲染引擎--check---initLogged---- true @ https://ops-wps.cdn.bcebos.com/OkrWeeklyAIChatPluginV2/index.js?v=1731477508081:0
[   50396ms] [LOG] [*** OKR LOG ***]:  onLog id data: 80001.2.156 {action: 2, conversationId: cf72a3d0-3e18-11f1-a0af-c9c4702460c0, answerId: 2046635368144560128} @ https://okr.baidu-int.com/pages/weekly/dist/weekly.bundle.a238815a.js:0
[   61428ms] [LOG] %c2026/4/22 15:00:01 [d] - 执行回调 --> %o color: #1f1721; background: #CCFF99; padding: 2px 4px; font-size: 12px; border-radius: 4px; onDiscard @ https://ops-wps.cdn.bcebos.com/OkrWeeklyAIChatPluginV2/index.js?v=1731477508081:0
[   61433ms] [LOG] [*** OKR LOG ***]:  onLog id data: 80001.2.156 {action: 2, conversationId: cf72a3d0-3e18-11f1-a0af-c9c4702460c0, answerId: 2046635368144560128, confirm: 1} @ https://okr.baidu-int.com/pages/weekly/dist/weekly.bundle.a238815a.js:0
[   61447ms] [LOG] %c2026/4/22 15:00:01 [c] - socket close color: #1f1721; background: #FFCC33; padding: 2px 4px; font-size: 12px; border-radius: 4px; @ https://ops-wps.cdn.bcebos.com/OkrWeeklyAIChatPluginV2/index.js?v=1731477508081:0
[   61740ms] [LOG] addEventListener error监听:  ErrorEvent @ :10
[   61740ms] [LOG] addEventListener error监听:  ErrorEvent @ :10
[   61934ms] [LOG] [*** OKR LOG ***]:  ai complete @ https://okr.baidu-int.com/pages/weekly/dist/weekly.bundle.a238815a.js:0
[   62365ms] [LOG] [*** OKR LOG ***]:  RteNotify:  {type: save, action: success, data: Object, info: 保存成功} @ https://okr.baidu-int.com/pages/weekly/dist/weekly.bundle.a238815a.js:0
[  176270ms] [LOG] [*** OKR LOG ***]:  RteNotify:  {type: save, action: saving, data: Object, info: 保存中} @ https://okr.baidu-int.com/pages/weekly/dist/weekly.bundle.a238815a.js:0
[  176999ms] [LOG] %cInfo%c%s%O background-color:#3C9DFF;color:#fff;padding:2px 3px;border-radius:3px;margin-right:7px color:#3C9DFF;margin-right:7px validate error:  Error: node_data_invalid @ https://okr.baidu-int.com/pages/weekly/dist/morpho.chunk.bc1c1491.js:7
[  177215ms] [LOG] [*** OKR LOG ***]:  RteNotify:  {type: save, action: success, data: Object, info: 保存成功} @ https://okr.baidu-int.com/pages/weekly/dist/weekly.bundle.a238815a.js:0
[  177303ms] [LOG] addEventListener error监听:  ErrorEvent @ :10
[  177303ms] [LOG] addEventListener error监听:  ErrorEvent @ :10
[  189100ms] [LOG] [*** OKR LOG ***]:  RteNotify:  {type: save, action: saving, data: Object, info: 保存中} @ https://okr.baidu-int.com/pages/weekly/dist/weekly.bundle.a238815a.js:0
[  189528ms] [LOG] addEventListener error监听:  ErrorEvent @ :10
[  189528ms] [LOG] addEventListener error监听:  ErrorEvent @ :10
[  189689ms] [LOG] %cInfo%c%s%O background-color:#3C9DFF;color:#fff;padding:2px 3px;border-radius:3px;margin-right:7px color:#3C9DFF;margin-right:7px validate error:  Error: node_data_invalid @ https://okr.baidu-int.com/pages/weekly/dist/morpho.chunk.bc1c1491.js:7
[  189994ms] [LOG] addEventListener error监听:  ErrorEvent @ :10
[  189994ms] [LOG] addEventListener error监听:  ErrorEvent @ :10
[  190479ms] [LOG] [*** OKR LOG ***]:  RteNotify:  {type: save, action: success, data: Object, info: 保存成功} @ https://okr.baidu-int.com/pages/weekly/dist/weekly.bundle.a238815a.js:0
[  190862ms] [LOG] [*** OKR LOG ***]:  RteNotify:  {type: save, action: saving, data: Object, info: 保存中} @ https://okr.baidu-int.com/pages/weekly/dist/weekly.bundle.a238815a.js:0
[  191093ms] [LOG] 新建缓存对象成功 @ https://okr.baidu-int.com/pages/weekly/dist/rte.chunk.723ce0b1.js:0
[  191219ms] [LOG] addEventListener error监听:  ErrorEvent @ :10
[  191219ms] [LOG] addEventListener error监听:  ErrorEvent @ :10
[  191398ms] [LOG] [*** OKR LOG ***]:  RteNotify:  {type: save, action: success, data: Object, info: 保存成功} @ https://okr.baidu-int.com/pages/weekly/dist/weekly.bundle.a238815a.js:0
[  191548ms] [LOG] %cInfo%c%s%O background-color:#3C9DFF;color:#fff;padding:2px 3px;border-radius:3px;margin-right:7px color:#3C9DFF;margin-right:7px validate error:  Error: node_data_invalid @ https://okr.baidu-int.com/pages/weekly/dist/morpho.chunk.bc1c1491.js:7
[  191549ms] [LOG] [*** OKR LOG ***]:  RteNotify:  {type: save, action: saving, data: Object, info: 保存中} @ https://okr.baidu-int.com/pages/weekly/dist/weekly.bundle.a238815a.js:0
[  192301ms] [LOG] [*** OKR LOG ***]:  RteNotify:  {type: save, action: success, data: Object, info: 保存成功} @ https://okr.baidu-int.com/pages/weekly/dist/weekly.bundle.a238815a.js:0
[  193165ms] [LOG] [*** OKR LOG ***]:  RteNotify:  {type: save, action: saving, data: Object, info: 保存中} @ https://okr.baidu-int.com/pages/weekly/dist/weekly.bundle.a238815a.js:0
[  193470ms] [LOG] addEventListener error监听:  ErrorEvent @ :10
[  193470ms] [LOG] addEventListener error监听:  ErrorEvent @ :10
[  194787ms] [LOG] addEventListener error监听:  ErrorEvent @ :10
[  194787ms] [LOG] addEventListener error监听:  ErrorEvent @ :10
[  194928ms] [LOG] %cInfo%c%s%O background-color:#3C9DFF;color:#fff;padding:2px 3px;border-radius:3px;margin-right:7px color:#3C9DFF;margin-right:7px validate error:  Error: node_data_invalid @ https://okr.baidu-int.com/pages/weekly/dist/morpho.chunk.bc1c1491.js:7
[  194958ms] [LOG] addEventListener error监听:  ErrorEvent @ :10
[  194958ms] [LOG] addEventListener error监听:  ErrorEvent @ :10
[  195232ms] [LOG] addEventListener error监听:  ErrorEvent @ :10
[  195232ms] [LOG] addEventListener error监听:  ErrorEvent @ :10
[  195340ms] [LOG] [*** OKR LOG ***]:  RteNotify:  {type: save, action: success, data: Object, info: 保存成功} @ https://okr.baidu-int.com/pages/weekly/dist/weekly.bundle.a238815a.js:0
[  196117ms] [LOG] [*** OKR LOG ***]:  RteNotify:  {type: save, action: saving, data: Object, info: 保存中} @ https://okr.baidu-int.com/pages/weekly/dist/weekly.bundle.a238815a.js:0
[  196828ms] [LOG] %cInfo%c%s%O background-color:#3C9DFF;color:#fff;padding:2px 3px;border-radius:3px;margin-right:7px color:#3C9DFF;margin-right:7px validate error:  Error: node_data_invalid @ https://okr.baidu-int.com/pages/weekly/dist/morpho.chunk.bc1c1491.js:7
[  197132ms] [LOG] addEventListener error监听:  ErrorEvent @ :10
[  197132ms] [LOG] addEventListener error监听:  ErrorEvent @ :10
[  197461ms] [LOG] [*** OKR LOG ***]:  RteNotify:  {type: save, action: success, data: Object, info: 保存成功} @ https://okr.baidu-int.com/pages/weekly/dist/weekly.bundle.a238815a.js:0
[  198468ms] [LOG] [*** OKR LOG ***]:  RteNotify:  {type: save, action: saving, data: Object, info: 保存中} @ https://okr.baidu-int.com/pages/weekly/dist/weekly.bundle.a238815a.js:0
[  198775ms] [LOG] addEventListener error监听:  ErrorEvent @ :10
[  198775ms] [LOG] addEventListener error监听:  ErrorEvent @ :10
[  199268ms] [LOG] [*** OKR LOG ***]:  RteNotify:  {type: save, action: success, data: Object, info: 保存成功} @ https://okr.baidu-int.com/pages/weekly/dist/weekly.bundle.a238815a.js:0
[  200661ms] [LOG] [*** OKR LOG ***]:  RteNotify:  {type: save, action: saving, data: Object, info: 保存中} @ https://okr.baidu-int.com/pages/weekly/dist/weekly.bundle.a238815a.js:0
[  200772ms] [LOG] 新建缓存对象成功 @ https://okr.baidu-int.com/pages/weekly/dist/rte.chunk.723ce0b1.js:0
[  201312ms] [LOG] %cInfo%c%s%O background-color:#3C9DFF;color:#fff;padding:2px 3px;border-radius:3px;margin-right:7px color:#3C9DFF;margin-right:7px validate error:  Error: node_data_invalid @ https://okr.baidu-int.com/pages/weekly/dist/morpho.chunk.bc1c1491.js:7
[  202290ms] [LOG] [*** OKR LOG ***]:  RteNotify:  {type: save, action: success, data: Object, info: 保存成功} @ https://okr.baidu-int.com/pages/weekly/dist/weekly.bundle.a238815a.js:0
[  202483ms] [LOG] [*** OKR LOG ***]:  RteNotify:  {type: save, action: saving, data: Object, info: 保存中} @ https://okr.baidu-int.com/pages/weekly/dist/weekly.bundle.a238815a.js:0
[  202838ms] [LOG] addEventListener error监听:  ErrorEvent @ :10
[  202838ms] [LOG] addEventListener error监听:  ErrorEvent @ :10
[  203813ms] [LOG] [*** OKR LOG ***]:  RteNotify:  {type: save, action: success, data: Object, info: 保存成功} @ https://okr.baidu-int.com/pages/weekly/dist/weekly.bundle.a238815a.js:0
[  213668ms] [LOG] [*** OKR LOG ***]:  RteNotify:  {type: publish, action: success, data: Object, info: 发布成功} @ https://okr.baidu-int.com/pages/weekly/dist/weekly.bundle.a238815a.js:0
