[     484ms] [WARNING] KU_QUERY配置表中的 from 字段重复设置，请在@/constants/common/searchParamKeys中检查 @ https://ops-wps.cdn.bcebos.com/rlkb-wiki/248198541/static/js/4077.f5cc5af9.js:0
[     537ms] [WARNING] [morpho] duplicated identifier name static. @ https://ops-wps.cdn.bcebos.com/rlkb-wiki/248198541/static/js/realtime.74017148.js:0
[     538ms] [LOG] %cInfo%c%s background-color:#3C9DFF;color:#fff;padding:2px 3px;border-radius:3px;margin-right:7px color:#3C9DFF;margin-right:7px 未开启info日志打印 @ https://ops-wps.cdn.bcebos.com/rlkb-wiki/248198541/static/js/realtime.74017148.js:0
[     539ms] [WARNING] [morpho] expected 0 non-injected parameters but 1 parameters are provided. @ https://ops-wps.cdn.bcebos.com/rlkb-wiki/248198541/static/js/realtime.74017148.js:0
[     606ms] [WARNING] [morpho] duplicated identifier name hyperLinkService. @ https://ops-wps.cdn.bcebos.com/rlkb-wiki/248198541/static/js/realtime.74017148.js:0
[     606ms] [WARNING] [morpho] duplicated identifier name morpho-context-menu. @ https://ops-wps.cdn.bcebos.com/rlkb-wiki/248198541/static/js/realtime.74017148.js:0
[     608ms] [WARNING] [morpho] duplicated identifier name static. @ https://ops-wps.cdn.bcebos.com/rlkb-wiki/248198541/static/js/realtime.74017148.js:0
[     609ms] [WARNING] [morpho] duplicated identifier name microEditorService. @ https://ops-wps.cdn.bcebos.com/rlkb-wiki/248198541/static/js/realtime.74017148.js:0
[     658ms] [INFO] [33m[Infoflow-Logger:ClientReportAPI][0m window.BdHiJs.service.channel.report isn't exist or not a function. @ https://ops-wps.cdn.bcebos.com/rlkb-wiki/248198541/static/js/1291.551b5722.js:0
[     679ms] [LOG] ReactDOM.render---------------- @ https://ops-wps.cdn.bcebos.com/rlkb-wiki/248198541/static/js/main.6a9623a7.js:0
[     772ms] [LOG] 日志：query接口失败, 触发loginWithAuth: ---------------- null https://ku.baidu-int.com/knowledge/HFVrC7hq1Q/pKzJfZczuc/ou5gH0zntS/IDXP46H9ionzW0 @ https://ops-wps.cdn.bcebos.com/rlkb-wiki/248198541/static/js/8540.709d11c7.js:0
[     863ms] [LOG] 日志：auth接口301，触发uuap跳转----------------  @ https://ops-wps.cdn.bcebos.com/rlkb-wiki/248198541/static/js/8540.709d11c7.js:0
[     864ms] [LOG] 日志：跳转到uuap, url: --------------------------- https://uuap.baidu.com?appKey=uuapclient-584729304643403777-ksdOg&service=https%3A%2F%2Fku.baidu-int.com%2Fknowledge%2FHFVrC7hq1Q%2FpKzJfZczuc%2Fou5gH0zntS%2FIDXP46H9ionzW0&version=v2 @ https://ops-wps.cdn.bcebos.com/rlkb-wiki/248198541/static/js/8540.709d11c7.js:0
[    2204ms] [ERROR] Failed to load resource: net::ERR_CONNECTION_REFUSED @ https://duguanjia-local.internal.baidu.com:50003/eac/trustDeviceToken:0
[    2209ms] [ERROR] Failed to load resource: net::ERR_CONNECTION_REFUSED @ https://duguanjia-local.internal.baidu.com:50005/eac/trustDeviceToken:0
[    2213ms] [ERROR] Failed to load resource: net::ERR_CONNECTION_REFUSED @ https://duguanjia-local.internal.baidu.com:50007/eac/trustDeviceToken:0
[    2219ms] [ERROR] Failed to load resource: net::ERR_CONNECTION_REFUSED @ https://duguanjia-local.internal.baidu.com:50009/eac/trustDeviceToken:0
[    2480ms] [LOG] appendScript https://uuap.baidu.com/beep/qrcode/getqrcode?apptoken=6eef72577bf7820f72f71e6ac90d0461f1450bf99014af3c2cacaef55b461410&codetype=data&timestamp=1775744679387&ver=hi&size=200&callback=common_0715369547172325 @ https://uuap.baidu.com/beep-sdk.js:4
[    2607ms] [LOG] appendScript https://uuap.baidu.com/beep/qrcode/status?apptoken=6eef72577bf7820f72f71e6ac90d0461f1450bf99014af3c2cacaef55b461410&qrcodetoken=YnFjX1ZDVTZMU0JjS1ZY&timestamp=1775744679514&callback=common_09947114919885705 @ https://uuap.baidu.com/beep-sdk.js:4
[    9504ms] [WARNING] Mixed Content: The page at 'https://uuap.baidu.com/authorize?appKey=uuapclient-584729304643403777-ksdOg&service=https%3A%2F%2Fku.baidu-int.com%2Fknowledge%2FHFVrC7hq1Q%2FpKzJfZczuc%2Fou5gH0zntS%2FIDXP46H9ionzW0&version=v2' was loaded over HTTPS, but requested an insecure element 'http://api.erp.baidu.com/erpsso/passport?uuap_token=6CD4E60E5D2927B01F6BB9C2A59C53C81582F572399B9A24B4C94883666BA2A97C6E870AE0C0DB34E5D5BC09C85A8458B99B3C21A0E35CCB65026C34F9EA484A&login=true'. This request was automatically upgraded to HTTPS, For more information see https://blog.chromium.org/2019/10/no-more-mixed-messages-about-https.html @ https://uuap.baidu.com/authorize?appKey=uuapclient-584729304643403777-ksdOg&service=https%3A%2F%2Fku.baidu-int.com%2Fknowledge%2FHFVrC7hq1Q%2FpKzJfZczuc%2Fou5gH0zntS%2FIDXP46H9ionzW0&version=v2:0
[    9504ms] [WARNING] Mixed Content: The page at 'https://uuap.baidu.com/authorize?appKey=uuapclient-584729304643403777-ksdOg&service=https%3A%2F%2Fku.baidu-int.com%2Fknowledge%2FHFVrC7hq1Q%2FpKzJfZczuc%2Fou5gH0zntS%2FIDXP46H9ionzW0&version=v2' was loaded over HTTPS, but requested an insecure element 'http://api.erpsel.baidu.com/erpsso/passport?uuap_token=6CD4E60E5D2927B01F6BB9C2A59C53C81582F572399B9A24B4C94883666BA2A97C6E870AE0C0DB34E5D5BC09C85A8458B99B3C21A0E35CCB65026C34F9EA484A&login=true'. This request was automatically upgraded to HTTPS, For more information see https://blog.chromium.org/2019/10/no-more-mixed-messages-about-https.html @ https://uuap.baidu.com/authorize?appKey=uuapclient-584729304643403777-ksdOg&service=https%3A%2F%2Fku.baidu-int.com%2Fknowledge%2FHFVrC7hq1Q%2FpKzJfZczuc%2Fou5gH0zntS%2FIDXP46H9ionzW0&version=v2:0
[    9504ms] [WARNING] Mixed Content: The page at 'https://uuap.baidu.com/authorize?appKey=uuapclient-584729304643403777-ksdOg&service=https%3A%2F%2Fku.baidu-int.com%2Fknowledge%2FHFVrC7hq1Q%2FpKzJfZczuc%2Fou5gH0zntS%2FIDXP46H9ionzW0&version=v2' was loaded over HTTPS, but requested an insecure element 'http://api.fusion.baidu.com/erpsso/passport?uuap_token=6CD4E60E5D2927B01F6BB9C2A59C53C81582F572399B9A24B4C94883666BA2A97C6E870AE0C0DB34E5D5BC09C85A8458B99B3C21A0E35CCB65026C34F9EA484A&login=true'. This request was automatically upgraded to HTTPS, For more information see https://blog.chromium.org/2019/10/no-more-mixed-messages-about-https.html @ https://uuap.baidu.com/authorize?appKey=uuapclient-584729304643403777-ksdOg&service=https%3A%2F%2Fku.baidu-int.com%2Fknowledge%2FHFVrC7hq1Q%2FpKzJfZczuc%2Fou5gH0zntS%2FIDXP46H9ionzW0&version=v2:0
[    9504ms] [WARNING] Mixed Content: The page at 'https://uuap.baidu.com/authorize?appKey=uuapclient-584729304643403777-ksdOg&service=https%3A%2F%2Fku.baidu-int.com%2Fknowledge%2FHFVrC7hq1Q%2FpKzJfZczuc%2Fou5gH0zntS%2FIDXP46H9ionzW0&version=v2' was loaded over HTTPS, but requested an insecure element 'http://api.fusionsel.baidu.com/erpsso/passport?uuap_token=6CD4E60E5D2927B01F6BB9C2A59C53C81582F572399B9A24B4C94883666BA2A97C6E870AE0C0DB34E5D5BC09C85A8458B99B3C21A0E35CCB65026C34F9EA484A&login=true'. This request was automatically upgraded to HTTPS, For more information see https://blog.chromium.org/2019/10/no-more-mixed-messages-about-https.html @ https://uuap.baidu.com/authorize?appKey=uuapclient-584729304643403777-ksdOg&service=https%3A%2F%2Fku.baidu-int.com%2Fknowledge%2FHFVrC7hq1Q%2FpKzJfZczuc%2Fou5gH0zntS%2FIDXP46H9ionzW0&version=v2:0
[   12620ms] [WARNING] KU_QUERY配置表中的 from 字段重复设置，请在@/constants/common/searchParamKeys中检查 @ https://ops-wps.cdn.bcebos.com/rlkb-wiki/248198541/static/js/4077.f5cc5af9.js:0
[   12676ms] [WARNING] [morpho] duplicated identifier name static. @ https://ops-wps.cdn.bcebos.com/rlkb-wiki/248198541/static/js/realtime.74017148.js:0
[   12677ms] [LOG] %cInfo%c%s background-color:#3C9DFF;color:#fff;padding:2px 3px;border-radius:3px;margin-right:7px color:#3C9DFF;margin-right:7px 未开启info日志打印 @ https://ops-wps.cdn.bcebos.com/rlkb-wiki/248198541/static/js/realtime.74017148.js:0
[   12678ms] [WARNING] [morpho] expected 0 non-injected parameters but 1 parameters are provided. @ https://ops-wps.cdn.bcebos.com/rlkb-wiki/248198541/static/js/realtime.74017148.js:0
[   12748ms] [WARNING] [morpho] duplicated identifier name hyperLinkService. @ https://ops-wps.cdn.bcebos.com/rlkb-wiki/248198541/static/js/realtime.74017148.js:0
[   12749ms] [WARNING] [morpho] duplicated identifier name morpho-context-menu. @ https://ops-wps.cdn.bcebos.com/rlkb-wiki/248198541/static/js/realtime.74017148.js:0
[   12751ms] [WARNING] [morpho] duplicated identifier name static. @ https://ops-wps.cdn.bcebos.com/rlkb-wiki/248198541/static/js/realtime.74017148.js:0
[   12751ms] [WARNING] [morpho] duplicated identifier name microEditorService. @ https://ops-wps.cdn.bcebos.com/rlkb-wiki/248198541/static/js/realtime.74017148.js:0
[   12803ms] [INFO] [33m[Infoflow-Logger:ClientReportAPI][0m window.BdHiJs.service.channel.report isn't exist or not a function. @ https://ops-wps.cdn.bcebos.com/rlkb-wiki/248198541/static/js/1291.551b5722.js:0
[   12840ms] [LOG] ReactDOM.render---------------- @ https://ops-wps.cdn.bcebos.com/rlkb-wiki/248198541/static/js/main.6a9623a7.js:0
[   12922ms] [LOG] 日志：query接口失败, 触发loginWithAuth: ---------------- 849ccc9e1770d3d16978ea87c30ad9a6bee82734e7c784744fa4a53234f1ed4a168ad910527399c451256d11ae2ef5a861965a60c33870679b70efdb4ccaa66a https://ku.baidu-int.com/knowledge/HFVrC7hq1Q/pKzJfZczuc/ou5gH0zntS/IDXP46H9ionzW0?ticket=849ccc9e1770d3d16978ea87c30ad9a6bee82734e7c784744fa4a53234f1ed4a168ad910527399c451256d11ae2ef5a861965a60c33870679b70efdb4ccaa66a @ https://ops-wps.cdn.bcebos.com/rlkb-wiki/248198541/static/js/8540.709d11c7.js:0
[   15501ms] [INFO] Download the Vue Devtools extension for a better development experience:
https://github.com/vuejs/vue-devtools @ https://dongting.cdn.bcebos.com/dongting-front/prod/dongting.min.js?t=1775744691675:1
[   15501ms] [INFO] You are running Vue in development mode.
Make sure to turn on production mode when deploying for production.
See more tips at https://vuejs.org/guide/deployment.html @ https://dongting.cdn.bcebos.com/dongting-front/prod/dongting.min.js?t=1775744691675:1
[   15987ms] [LOG] {__ob__: t} @ https://dongting.cdn.bcebos.com/dongting-front/prod/20260206185746/script/main.0a180f9d.min.js:0
[   16183ms] [LOG] error TypeError: Cannot read properties of undefined (reading 'attendMessage')
    at https://dongting.cdn.bcebos.com/dongting-front/prod/20260206185746/script/main.0a180f9d.min.js:1:95597
    at l (https://dongting.cdn.bcebos.com/dongting-front/prod/20260206185746/script/vendor.24fa3334.min.js:7:102190)
    at Generator.<anonymous> (https://dongting.cdn.bcebos.com/dongting-front/prod/20260206185746/script/vendor.24fa3334.min.js:7:103511)
    at Generator.next (https://dongting.cdn.bcebos.com/dongting-front/prod/20260206185746/script/vendor.24fa3334.min.js:7:102615)
    at r (https://dongting.cdn.bcebos.com/dongting-front/prod/20260206185746/script/vendor.24fa3334.min.js:1:6205)
    at s (https://dongting.cdn.bcebos.com/dongting-front/prod/20260206185746/script/vendor.24fa3334.min.js:1:6407) @ https://dongting.cdn.bcebos.com/dongting-front/prod/20260206185746/script/main.0a180f9d.min.js:0
[   17105ms] [LOG] {__ob__: t} @ https://dongting.cdn.bcebos.com/dongting-front/prod/20260206185746/script/main.0a180f9d.min.js:0
