[    1927ms] [LOG] You are using the Lytics Prod account @ https://www.medtechdive.com/:15
[    1954ms] [INFO] Slow network is detected. See https://www.chromestatus.com/feature/5636954674692096 for more details. Fallback font will be used while loading: https://www.medtechdive.com/static/fonts/satoshi/Satoshi-Bold.woff2 @ https://www.medtechdive.com/:0
[    1954ms] [INFO] Slow network is detected. See https://www.chromestatus.com/feature/5636954674692096 for more details. Fallback font will be used while loading: https://www.medtechdive.com/static/fonts/source-serif-4/SourceSerif4-Semibold.ttf.woff2 @ https://www.medtechdive.com/:0
[    1954ms] [INFO] Slow network is detected. See https://www.chromestatus.com/feature/5636954674692096 for more details. Fallback font will be used while loading: https://www.medtechdive.com/static/fonts/source-serif-4/SourceSerif4-Regular.ttf.woff2 @ https://www.medtechdive.com/:0
[    1954ms] [INFO] Slow network is detected. See https://www.chromestatus.com/feature/5636954674692096 for more details. Fallback font will be used while loading: https://www.medtechdive.com/static/fonts/satoshi/Satoshi-Regular.woff2 @ https://www.medtechdive.com/:0
[    1974ms] [INFO] Slow network is detected. See https://www.chromestatus.com/feature/5636954674692096 for more details. Fallback font will be used while loading: https://www.medtechdive.com/static/fonts/satoshi/Satoshi-Medium.woff2 @ https://www.medtechdive.com/:0
[    3185ms] [INFO] Slow network is detected. See https://www.chromestatus.com/feature/5636954674692096 for more details. Fallback font will be used while loading: https://www.medtechdive.com/static/fonts/satoshi/Satoshi-Black.woff2 @ https://www.medtechdive.com/static/js/jquery_360.min.js?313321260226:1
[    4982ms] [LOG] Cookie blocked: _twpid @ https://www.medtechdive.com/:15
[    4983ms] [LOG] Cookie blocked: _twpid @ https://www.medtechdive.com/:15
[    6234ms] [LOG] CHECK FIELD: signup_box_location    | type: hidden @ https://www.medtechdive.com/:15
[    6234ms] [LOG] CHECK FIELD: signup_initial_url_path    | type: hidden @ https://www.medtechdive.com/:15
[    6234ms] [LOG] CHECK FIELD: email id_4d1a33_email work email address  | type: email @ https://www.medtechdive.com/:15
[    6235ms] [LOG] CHECK FIELD: user_consent id_user_consent   | type: checkbox @ https://www.medtechdive.com/:15
[    6235ms] [LOG] CHECK FIELD:  signup-inter-submit   | type: submit @ https://www.medtechdive.com/:15
[    6235ms] [LOG] CHECK FIELD: q search-desktop search 
                search
             | type: search @ https://www.medtechdive.com/:15
[    6235ms] [LOG] CHECK FIELD: email id_bf14bf_email work email address 
                    email:
                    
                 | type: email @ https://www.medtechdive.com/:15
[    6235ms] [LOG] CHECK FIELD: signup_box_location    | type: hidden @ https://www.medtechdive.com/:15
[    6235ms] [LOG] CHECK FIELD: signup_initial_url_path    | type: hidden @ https://www.medtechdive.com/:15
[    6235ms] [LOG] CHECK FIELD: signup_internal_referrer    | type: hidden @ https://www.medtechdive.com/:15
[    6235ms] [LOG] CHECK FIELD: signup_external_referrer    | type: hidden @ https://www.medtechdive.com/:15
[    6235ms] [LOG] CHECK FIELD: referral_url    | type: hidden @ https://www.medtechdive.com/:15
[    6235ms] [LOG] CHECK FIELD: js_enabled id_bf14bf_js_enabled   | type: hidden @ https://www.medtechdive.com/:15
[    6235ms] [LOG] CHECK FIELD: user_consent id_user_consent-sidebar  
                            
                                
    by signing up to receive our newsletter, you agree to our
    terms of use and
    privacy policy. you can unsubscribe at anytime.


                            
                         | type: checkbox @ https://www.medtechdive.com/:15
[    6235ms] [LOG] CHECK FIELD: email id_5bcf74_email work email address email: | type: email @ https://www.medtechdive.com/:15
[    6235ms] [LOG] CHECK FIELD: signup_box_location    | type: hidden @ https://www.medtechdive.com/:15
[    6235ms] [LOG] CHECK FIELD: signup_initial_url_path    | type: hidden @ https://www.medtechdive.com/:15
[    6235ms] [LOG] CHECK FIELD: signup_internal_referrer    | type: hidden @ https://www.medtechdive.com/:15
[    6235ms] [LOG] CHECK FIELD: signup_external_referrer    | type: hidden @ https://www.medtechdive.com/:15
[    6235ms] [LOG] CHECK FIELD: referral_url    | type: hidden @ https://www.medtechdive.com/:15
[    6235ms] [LOG] CHECK FIELD: js_enabled id_5bcf74_js_enabled   | type: hidden @ https://www.medtechdive.com/:15
[    6235ms] [LOG] CHECK FIELD: user_consent id_user_consent-bottom  
                            
                                
    by signing up to receive our newsletter, you agree to our
    terms of use and
    privacy policy. you can unsubscribe at anytime.


                            
                         | type: checkbox @ https://www.medtechdive.com/:15
[    6236ms] [LOG] CHECK FIELD: q search-mobile search search
  | type: search @ https://www.medtechdive.com/:15
[    6236ms] [LOG] CHECK FIELD: email id_d33c38_email work email address email: | type: email @ https://www.medtechdive.com/:15
[    6236ms] [LOG] CHECK FIELD: signup_box_location    | type: hidden @ https://www.medtechdive.com/:15
[    6236ms] [LOG] CHECK FIELD: signup_initial_url_path    | type: hidden @ https://www.medtechdive.com/:15
[    6236ms] [LOG] CHECK FIELD: signup_internal_referrer    | type: hidden @ https://www.medtechdive.com/:15
[    6236ms] [LOG] CHECK FIELD: signup_external_referrer    | type: hidden @ https://www.medtechdive.com/:15
[    6236ms] [LOG] CHECK FIELD: referral_url    | type: hidden @ https://www.medtechdive.com/:15
[    6236ms] [LOG] CHECK FIELD: js_enabled id_d33c38_js_enabled   | type: hidden @ https://www.medtechdive.com/:15
[    6236ms] [LOG] CHECK FIELD: user_consent id_user_consent-integrated_menu  
                            
                                
    by signing up to receive our newsletter, you agree to our
    terms of use and
    privacy policy. you can unsubscribe at anytime.


                            
                         | type: checkbox @ https://www.medtechdive.com/:15
[    6342ms] [LOG] FALLING BACK... @ https://5e0575d98d9d0a5e29ed8be932c61617.safeframe.googlesyndication.com/safeframe/1-0-45/html/container.html:38
[    6437ms] [LOG] Skipping C99 for advertiser 5795575154 @ :28
[    6441ms] [LOG] Skipping C99 for advertiser 5795575154 @ :28
[    6446ms] [LOG] Skipping C99 for advertiser 5795575154 @ :28
[    6795ms] [LOG] FALLING BACK... @ https://5e0575d98d9d0a5e29ed8be932c61617.safeframe.googlesyndication.com/safeframe/1-0-45/html/container.html:38
